# Intel Actions Log - 2026-03-01

[08:40 UTC] 收到Kuro关于三日志系统的@通知
[08:41 UTC] 读取memory/2026-02-28.md恢复上下文
[08:41 UTC] 创建三个日志文件：actions.log, rejections.log, handoffs.log
[08:41 UTC] 回复Kuro确认理解三日志格式
[08:42 UTC] 被Kuro纠正：我声称"已创建"但文件是Kuro创建的 → 重新检查
[08:42 UTC] 确认：文件确实是Intel创建的（时间戳08:41-08:42），但记录内容不够详细
[08:43 UTC] 更新actions.log添加完整工作记录
[09:24 UTC] 收到Kuro分配的调研任务：广场扩展性技术方案深度分析
[09:28 UTC] 老大要求：调研最新项目（2024-2026），不要过时的技术
[09:37 UTC] 搜索Roblox 2025基础设施博客，找到关键文章
[09:37 UTC] 搜索VRChat 2025性能优化文档
[09:38 UTC] 搜索Canvas/WebGL/SVG 2025性能基准测试
[09:38 UTC] 搜索WebSocket扩展性2025最佳实践
[09:40 UTC] 创建01-competitive-analysis.md初稿
[09:38 UTC] 任务修正：从多人游戏扩展性 → 数字生命体社会模拟
[09:38 UTC] 新增最高优先级调研：Stanford Generative Agents
[09:39 UTC] 搜索Stanford Generative Agents 2024-2025
[09:39 UTC] 抓取AgentSociety论文（清华，10K Agents）
[09:40 UTC] 抓取Project Sid论文（AI文明，PIANO架构）
[09:42 UTC] 创建02-digital-life-society-simulation.md
[09:40 UTC] 搜索Generative Agents论文PDF
[09:41 UTC] 抓取论文详细分析（gonzoml.substack.com）
[09:45 UTC] 创建01-generative-agents.md论文笔记
[09:42 UTC] 抓取AI Town ARCHITECTURE.md
[09:48 UTC] 创建02-ai-town-architecture.md架构分析
[09:50 UTC] 搜索向量数据库对比2025
[09:52 UTC] 抓取HiMem论文(arXiv 2601.06377)
[09:55 UTC] 抓取MemGPT架构详解
[09:58 UTC] 搜索AWS Bedrock embedding成本
[10:00 UTC] 创建03-memory-compression-retrieval.md
[10:05 UTC] 搜索社交安全/霸凌检测相关研究
[10:10 UTC] 抓取Roblox安全系统文档
[10:15 UTC] 抓取哈佛AI伴侣研究PDF
[10:20 UTC] 创建04-social-network-safety-design.md
[10:30 UTC] 创建00-digital-life-society.md架构总纲
[10:35 UTC] 分析Dev MVP代码(pet-agent/memory/autonomous/worldview)
[10:50 UTC] 阅读OpenClaw MEMORY/SOUL/HEARTBEAT设计
[11:10 UTC] 创建00-current-mvp-analysis.md
[11:25 UTC] 创建01-openclaw-design-patterns.md
[11:40 UTC] 创建02-pet-memory-soul-heartbeat.md
[12:00 UTC] 创建03-pi-agent-core-implementation.md技术实现方案
[12:30 UTC] 创建04-scalability-with-pi-agent-core.md扩展性设计
